<?xml version="1.0" encoding="UTF-8"?>
<!-- Generated by org.testng.reporters.JUnitXMLReporter -->
<testsuite ignored="0" hostname="LAPTOP-3QEC0TB8" failures="1" tests="1" name="Default test" time="3.511" errors="0" timestamp="2024-03-02T13:34:30 IST">
  <testcase classname="TC01.ValidationUsingHamcrestMatcher" name="JsonValidationUsingHamcrestMatcher" time="3.072">
    <failure type="java.lang.AssertionError" message="
Expected: The content to match the given JSON schema.
error: object has missing required properties ([&amp;quot;email&amp;quot;])
    level: &amp;quot;error&amp;quot;
    schema: {&amp;quot;loadingURI&amp;quot;:&amp;quot;#&amp;quot;,&amp;quot;pointer&amp;quot;:&amp;quot;&amp;quot;}
    instance: {&amp;quot;pointer&amp;quot;:&amp;quot;&amp;quot;}
    domain: &amp;quot;validation&amp;quot;
    keyword: &amp;quot;required&amp;quot;
    required: [&amp;quot;email&amp;quot;,&amp;quot;first_name&amp;quot;,&amp;quot;last_name&amp;quot;]
    missing: [&amp;quot;email&amp;quot;]

     but: was &amp;quot;{\r\n    \&amp;quot;first_name\&amp;quot;: \&amp;quot;Brock001\&amp;quot;,\r\n    \&amp;quot;last_name\&amp;quot;: \&amp;quot;Lesner001\&amp;quot;,\r\n    \&amp;quot;email1\&amp;quot;: \&amp;quot;BrockLesner001@gmail.com\&amp;quot;\r\n  }&amp;quot;">
      <![CDATA[java.lang.AssertionError: 
Expected: The content to match the given JSON schema.
error: object has missing required properties (["email"])
    level: "error"
    schema: {"loadingURI":"#","pointer":""}
    instance: {"pointer":""}
    domain: "validation"
    keyword: "required"
    required: ["email","first_name","last_name"]
    missing: ["email"]

     but: was "{\r\n    \"first_name\": \"Brock001\",\r\n    \"last_name\": \"Lesner001\",\r\n    \"email1\": \"BrockLesner001@gmail.com\"\r\n  }"
at org.hamcrest.MatcherAssert.assertThat(MatcherAssert.java:18)
at org.hamcrest.MatcherAssert.assertThat(MatcherAssert.java:6)
at TC01.ValidationUsingHamcrestMatcher.JsonValidationUsingHamcrestMatcher(ValidationUsingHamcrestMatcher.java:23)
at java.base/jdk.internal.reflect.NativeMethodAccessorImpl.invoke0(Native Method)
at java.base/jdk.internal.reflect.NativeMethodAccessorImpl.invoke(NativeMethodAccessorImpl.java:77)
at java.base/jdk.internal.reflect.DelegatingMethodAccessorImpl.invoke(DelegatingMethodAccessorImpl.java:43)
at java.base/java.lang.reflect.Method.invoke(Method.java:568)
at org.testng.internal.invokers.MethodInvocationHelper.invokeMethod(MethodInvocationHelper.java:139)
at org.testng.internal.invokers.TestInvoker.invokeMethod(TestInvoker.java:664)
at org.testng.internal.invokers.TestInvoker.invokeTestMethod(TestInvoker.java:227)
at org.testng.internal.invokers.MethodRunner.runInSequence(MethodRunner.java:50)
at org.testng.internal.invokers.TestInvoker$MethodInvocationAgent.invoke(TestInvoker.java:957)
at org.testng.internal.invokers.TestInvoker.invokeTestMethods(TestInvoker.java:200)
at org.testng.internal.invokers.TestMethodWorker.invokeTestMethods(TestMethodWorker.java:148)
at org.testng.internal.invokers.TestMethodWorker.run(TestMethodWorker.java:128)
at java.base/java.util.ArrayList.forEach(ArrayList.java:1511)
at org.testng.TestRunner.privateRun(TestRunner.java:848)
at org.testng.TestRunner.run(TestRunner.java:621)
at org.testng.SuiteRunner.runTest(SuiteRunner.java:443)
at org.testng.SuiteRunner.runSequentially(SuiteRunner.java:437)
at org.testng.SuiteRunner.privateRun(SuiteRunner.java:397)
at org.testng.SuiteRunner.run(SuiteRunner.java:336)
at org.testng.SuiteRunnerWorker.runSuite(SuiteRunnerWorker.java:52)
at org.testng.SuiteRunnerWorker.run(SuiteRunnerWorker.java:95)
at org.testng.TestNG.runSuitesSequentially(TestNG.java:1280)
at org.testng.TestNG.runSuitesLocally(TestNG.java:1200)
at org.testng.TestNG.runSuites(TestNG.java:1114)
at org.testng.TestNG.run(TestNG.java:1082)
at org.testng.remote.AbstractRemoteTestNG.run(AbstractRemoteTestNG.java:115)
at org.testng.remote.RemoteTestNG.initAndRun(RemoteTestNG.java:251)
at org.testng.remote.RemoteTestNG.main(RemoteTestNG.java:77)
]]>
    </failure>
  </testcase> <!-- JsonValidationUsingHamcrestMatcher -->
</testsuite> <!-- Default test -->
